-----------------------------------------------------------------------------------------------
      undefined - undefined - 2:30:21 PM
      Redis Client Connection error
-----------------------------------------------------------------------------------------------
 
-----------------------------------------------------------------------------------------------
      undefined - undefined - 2:30:25 PM
      Redis Client Connection error
-----------------------------------------------------------------------------------------------
 
-----------------------------------------------------------------------------------------------
      undefined - undefined - 2:30:27 PM
      Redis Client Connection error
-----------------------------------------------------------------------------------------------
 
-----------------------------------------------------------------------------------------------
      undefined - undefined - 2:34:10 PM
      Redis Client Connection error
-----------------------------------------------------------------------------------------------
 
-----------------------------------------------------------------------------------------------
      undefined - undefined - 2:34:12 PM
      Redis Client Connection error
-----------------------------------------------------------------------------------------------
 
-----------------------------------------------------------------------------------------------
      undefined - undefined - 2:34:12 PM
      Redis Client Connection error
-----------------------------------------------------------------------------------------------
 
-----------------------------------------------------------------------------------------------
      undefined - undefined - 2:34:13 PM
      Redis Client Connection error
-----------------------------------------------------------------------------------------------
 
-----------------------------------------------------------------------------------------------
      undefined - undefined - 2:36:10 PM
      Redis Client Connection error
-----------------------------------------------------------------------------------------------
 
-----------------------------------------------------------------------------------------------
      undefined - undefined - 2:36:56 PM
      getaddrinfo ENOTFOUND cluster0-shard-00-00.4ywhd.mongodb.net
-----------------------------------------------------------------------------------------------
 
-----------------------------------------------------------------------------------------------
      undefined - undefined - 2:37:02 PM
      getaddrinfo ENOTFOUND cluster0-shard-00-00.4ywhd.mongodb.net
-----------------------------------------------------------------------------------------------
 
-----------------------------------------------------------------------------------------------
      undefined - undefined - 2:41:41 PM
      redisConnect is not defined
-----------------------------------------------------------------------------------------------
 
-----------------------------------------------------------------------------------------------
      undefined - undefined - 2:43:42 PM
      Argument passed in must be a string of 12 bytes or a string of 24 hex characters or an integer
-----------------------------------------------------------------------------------------------
 
-----------------------------------------------------------------------------------------------
      undefined - undefined - 2:43:52 PM
      redisConnect is not defined
-----------------------------------------------------------------------------------------------
 
-----------------------------------------------------------------------------------------------
      undefined - undefined - 2:45:06 PM
      redisConnect is not defined
-----------------------------------------------------------------------------------------------
 
-----------------------------------------------------------------------------------------------
      undefined - undefined - 2:45:13 PM
      redisConnect is not defined
-----------------------------------------------------------------------------------------------
 
-----------------------------------------------------------------------------------------------
      undefined - undefined - 4:36:20 PM
      Operation `users.findOne()` buffering timed out after 10000ms
-----------------------------------------------------------------------------------------------
 
-----------------------------------------------------------------------------------------------
      undefined - undefined - 4:37:21 PM
      Argument passed in must be a string of 12 bytes or a string of 24 hex characters or an integer
-----------------------------------------------------------------------------------------------
 
-----------------------------------------------------------------------------------------------
      undefined - undefined - 4:38:17 PM
      Argument passed in must be a string of 12 bytes or a string of 24 hex characters or an integer
-----------------------------------------------------------------------------------------------
 
-----------------------------------------------------------------------------------------------
      undefined - undefined - 4:38:20 PM
      Argument passed in must be a string of 12 bytes or a string of 24 hex characters or an integer
-----------------------------------------------------------------------------------------------
 
-----------------------------------------------------------------------------------------------
      undefined - undefined - 4:38:21 PM
      Argument passed in must be a string of 12 bytes or a string of 24 hex characters or an integer
-----------------------------------------------------------------------------------------------
 
-----------------------------------------------------------------------------------------------
      undefined - undefined - 8:54:03 PM
      Argument passed in must be a string of 12 bytes or a string of 24 hex characters or an integer
-----------------------------------------------------------------------------------------------
 
-----------------------------------------------------------------------------------------------
      undefined - undefined - 11:11:14 PM
      author_id is not defined
-----------------------------------------------------------------------------------------------
 
-----------------------------------------------------------------------------------------------
      undefined - undefined - 11:16:10 PM
      EISDIR: illegal operation on a directory, read
-----------------------------------------------------------------------------------------------
 
-----------------------------------------------------------------------------------------------
      undefined - undefined - 11:18:13 PM
      EISDIR: illegal operation on a directory, read
-----------------------------------------------------------------------------------------------
 
-----------------------------------------------------------------------------------------------
      undefined - undefined - 11:22:44 PM
      post is not defined
-----------------------------------------------------------------------------------------------
 
-----------------------------------------------------------------------------------------------
      undefined - undefined - 11:36:16 PM
      EISDIR: illegal operation on a directory, read
-----------------------------------------------------------------------------------------------
 
-----------------------------------------------------------------------------------------------
      undefined - undefined - 11:38:11 PM
      EISDIR: illegal operation on a directory, read
-----------------------------------------------------------------------------------------------
 
