-----------------------------------------------------------------------------------------------
      Created on  9:56:25 AM AM message:"  Redis Client Connection error
-----------------------------------------------------------------------------------------------
 
-----------------------------------------------------------------------------------------------
      Created on  9:56:25 AM AM message:"  Redis Client Connection error
-----------------------------------------------------------------------------------------------
 
-----------------------------------------------------------------------------------------------
      Created on  9:56:25 AM AM message:"  Redis Client Connection error
-----------------------------------------------------------------------------------------------
 
-----------------------------------------------------------------------------------------------
      Created on  9:56:43 AM AM message:"  Redis Client Connection error
-----------------------------------------------------------------------------------------------
 
-----------------------------------------------------------------------------------------------
      Created on  9:56:48 AM AM message:"  Redis Client Connection error
-----------------------------------------------------------------------------------------------
 
-----------------------------------------------------------------------------------------------
      Created on  9:56:48 AM AM message:"  Redis Client Connection error
-----------------------------------------------------------------------------------------------
 
-----------------------------------------------------------------------------------------------
      Created on  10:06:53 AM AM message:"  Redis Client Connection error
-----------------------------------------------------------------------------------------------
 
-----------------------------------------------------------------------------------------------
      Created on  10:06:57 AM AM message:"  Redis Client Connection error
-----------------------------------------------------------------------------------------------
 
-----------------------------------------------------------------------------------------------
      /api/post/update-post - POST
      Created on  10:23:34 AM AM message:"  ENOENT: no such file or directory, open 'C:\Users\RaseL\getting-started-with-node\markdown\working_with_recursive_function.md\asdasd'
-----------------------------------------------------------------------------------------------
 
-----------------------------------------------------------------------------------------------
      /api/post/update-post - POST - 10:24:11 AM
      ENOENT: no such file or directory, open 'C:\Users\RaseL\getting-started-with-node\markdown\working_with_recursive_function.md\asdasd'
-----------------------------------------------------------------------------------------------
 
