-----------------------------------------------------------------------------------------------
      Created on  11:24:37 PM PM message:"  Redis Client Connection error
-----------------------------------------------------------------------------------------------
 
-----------------------------------------------------------------------------------------------
      Created on  11:24:50 PM PM message:"  Redis Client Connection error
-----------------------------------------------------------------------------------------------
 
-----------------------------------------------------------------------------------------------
      Created on  11:24:50 PM PM message:"  Redis Client Connection error
-----------------------------------------------------------------------------------------------
 
-----------------------------------------------------------------------------------------------
      Created on  11:24:52 PM PM message:"  Redis Client Connection error
-----------------------------------------------------------------------------------------------
 
-----------------------------------------------------------------------------------------------
      Created on  11:24:52 PM PM message:"  Redis Client Connection error
-----------------------------------------------------------------------------------------------
 
-----------------------------------------------------------------------------------------------
      Created on  11:25:00 PM PM message:"  Argument passed in must be a string of 12 bytes or a string of 24 hex characters
-----------------------------------------------------------------------------------------------
 
-----------------------------------------------------------------------------------------------
      Created on  11:25:13 PM PM message:"  Argument passed in must be a string of 12 bytes or a string of 24 hex characters
-----------------------------------------------------------------------------------------------
 
-----------------------------------------------------------------------------------------------
      Created on  11:25:26 PM PM message:"  Redis Client Connection error
-----------------------------------------------------------------------------------------------
 
-----------------------------------------------------------------------------------------------
      Created on  11:25:27 PM PM message:"  Redis Client Connection error
-----------------------------------------------------------------------------------------------
 
-----------------------------------------------------------------------------------------------
      Created on  11:25:27 PM PM message:"  Redis Client Connection error
-----------------------------------------------------------------------------------------------
 
-----------------------------------------------------------------------------------------------
      Created on  11:25:28 PM PM message:"  Argument passed in must be a string of 12 bytes or a string of 24 hex characters
-----------------------------------------------------------------------------------------------
 
-----------------------------------------------------------------------------------------------
      Created on  11:26:00 PM PM message:"  Argument passed in must be a string of 12 bytes or a string of 24 hex characters
-----------------------------------------------------------------------------------------------
 
-----------------------------------------------------------------------------------------------
      Created on  11:26:06 PM PM message:"  Redis Client Connection error
-----------------------------------------------------------------------------------------------
 
-----------------------------------------------------------------------------------------------
      Created on  11:26:06 PM PM message:"  Redis Client Connection error
-----------------------------------------------------------------------------------------------
 
-----------------------------------------------------------------------------------------------
      Created on  11:26:06 PM PM message:"  Redis Client Connection error
-----------------------------------------------------------------------------------------------
 
-----------------------------------------------------------------------------------------------
      Created on  11:26:08 PM PM message:"  Argument passed in must be a string of 12 bytes or a string of 24 hex characters
-----------------------------------------------------------------------------------------------
 
-----------------------------------------------------------------------------------------------
      Created on  11:28:28 PM PM message:"  Redis Client Connection error
-----------------------------------------------------------------------------------------------
 
-----------------------------------------------------------------------------------------------
      Created on  11:28:46 PM PM message:"  Redis Client Connection error
-----------------------------------------------------------------------------------------------
 
-----------------------------------------------------------------------------------------------
      Created on  11:29:00 PM PM message:"  Redis Client Connection error
-----------------------------------------------------------------------------------------------
 
-----------------------------------------------------------------------------------------------
      Created on  11:29:50 PM PM message:"  Redis Client Connection error
-----------------------------------------------------------------------------------------------
 
-----------------------------------------------------------------------------------------------
      Created on  11:30:00 PM PM message:"  Redis Client Connection error
-----------------------------------------------------------------------------------------------
 
-----------------------------------------------------------------------------------------------
      Created on  12:07:33 AM AM message:"  Cannot convert undefined or null to object add-portfolio-all-post, Post not found post id 6214098958523b8fa17e0b19
-----------------------------------------------------------------------------------------------
 
-----------------------------------------------------------------------------------------------
      Created on  12:08:20 AM AM message:"  ERR wrong number of arguments for 'hset' command add-portfolio-all-post, Post not found post id 6213f9229916c21666dca4c3
-----------------------------------------------------------------------------------------------
 
-----------------------------------------------------------------------------------------------
      Created on  12:08:25 AM AM message:"  ERR wrong number of arguments for 'hset' command add-portfolio-all-post, Post not found post id 6214098958523b8fa17e0b19
-----------------------------------------------------------------------------------------------
 
-----------------------------------------------------------------------------------------------
      Created on  12:08:42 AM AM message:"  ERR wrong number of arguments for 'hset' command add-portfolio-all-post, Post not found post id 6214098958523b8fa17e0b19
-----------------------------------------------------------------------------------------------
 
-----------------------------------------------------------------------------------------------
      Created on  12:08:43 AM AM message:"  ERR wrong number of arguments for 'hset' command add-portfolio-all-post, Post not found post id 6213f9229916c21666dca4c3
-----------------------------------------------------------------------------------------------
 
-----------------------------------------------------------------------------------------------
      Created on  12:08:52 AM AM message:"  ERR wrong number of arguments for 'hset' command add-portfolio-all-post, Post not found post id 6213f9229916c21666dca4c3
-----------------------------------------------------------------------------------------------
 
-----------------------------------------------------------------------------------------------
      Created on  12:08:52 AM AM message:"  ERR wrong number of arguments for 'hset' command add-portfolio-all-post, Post not found post id 6213f9229916c21666dca4c3
-----------------------------------------------------------------------------------------------
 
