-----------------------------------------------------------------------------------------------
      undefined - undefined - 12:37:32 AM
      Redis Client Connection error
-----------------------------------------------------------------------------------------------
 
-----------------------------------------------------------------------------------------------
      undefined - undefined - 12:37:32 AM
      Redis Client Connection error
-----------------------------------------------------------------------------------------------
 
-----------------------------------------------------------------------------------------------
      undefined - undefined - 12:37:37 AM
      Redis Client Connection error
-----------------------------------------------------------------------------------------------
 
-----------------------------------------------------------------------------------------------
      undefined - undefined - 12:37:37 AM
      Redis Client Connection error
-----------------------------------------------------------------------------------------------
 
-----------------------------------------------------------------------------------------------
      undefined - undefined - 12:37:38 AM
      Redis Client Connection error
-----------------------------------------------------------------------------------------------
 
-----------------------------------------------------------------------------------------------
      undefined - undefined - 12:37:38 AM
      Redis Client Connection error
-----------------------------------------------------------------------------------------------
 
-----------------------------------------------------------------------------------------------
      undefined - undefined - 12:38:02 AM
      Redis Client Connection error
-----------------------------------------------------------------------------------------------
 
-----------------------------------------------------------------------------------------------
      undefined - undefined - 12:38:02 AM
      Redis Client Connection error
-----------------------------------------------------------------------------------------------
 
-----------------------------------------------------------------------------------------------
      undefined - undefined - 12:38:03 AM
      Redis Client Connection error
-----------------------------------------------------------------------------------------------
 
-----------------------------------------------------------------------------------------------
      undefined - undefined - 12:38:03 AM
      Redis Client Connection error
-----------------------------------------------------------------------------------------------
 
-----------------------------------------------------------------------------------------------
      undefined - undefined - 12:38:03 AM
      Redis Client Connection error
-----------------------------------------------------------------------------------------------
 
-----------------------------------------------------------------------------------------------
      undefined - undefined - 12:38:03 AM
      Redis Client Connection error
-----------------------------------------------------------------------------------------------
 
-----------------------------------------------------------------------------------------------
      undefined - undefined - 12:44:29 AM
      Redis Client Connection error
-----------------------------------------------------------------------------------------------
 
-----------------------------------------------------------------------------------------------
      undefined - undefined - 12:44:29 AM
      Redis Client Connection error
-----------------------------------------------------------------------------------------------
 
-----------------------------------------------------------------------------------------------
      undefined - undefined - 12:45:05 AM
      Redis Client Connection error
-----------------------------------------------------------------------------------------------
 
-----------------------------------------------------------------------------------------------
      undefined - undefined - 12:45:09 AM
      Redis Client Connection error
-----------------------------------------------------------------------------------------------
 
-----------------------------------------------------------------------------------------------
      undefined - undefined - 12:45:30 AM
      Redis Client Connection error
-----------------------------------------------------------------------------------------------
 
-----------------------------------------------------------------------------------------------
      undefined - undefined - 12:45:31 AM
      Redis Client Connection error
-----------------------------------------------------------------------------------------------
 
-----------------------------------------------------------------------------------------------
      undefined - undefined - 2:07:56 AM
      post create fail
-----------------------------------------------------------------------------------------------
 
-----------------------------------------------------------------------------------------------
      undefined - undefined - 2:09:55 AM
      post create fail
-----------------------------------------------------------------------------------------------
 
-----------------------------------------------------------------------------------------------
      undefined - undefined - 2:09:57 AM
      post create fail
-----------------------------------------------------------------------------------------------
 
-----------------------------------------------------------------------------------------------
      undefined - undefined - 2:10:26 AM
      post create fail
-----------------------------------------------------------------------------------------------
 
-----------------------------------------------------------------------------------------------
      undefined - undefined - 2:23:16 AM
      post not found with id: 6280a78d19e9a149ff53a378
-----------------------------------------------------------------------------------------------
 
-----------------------------------------------------------------------------------------------
      undefined - undefined - 2:23:18 AM
      post not found with id: 6280a78d19e9a149ff53a378
-----------------------------------------------------------------------------------------------
 
-----------------------------------------------------------------------------------------------
      undefined - undefined - 2:23:27 AM
      post not found with id: 6280a78d19e9a149ff53a378
-----------------------------------------------------------------------------------------------
 
-----------------------------------------------------------------------------------------------
      undefined - undefined - 2:24:42 AM
      post not found with id: 6280a78d19e9a149ff53a378
-----------------------------------------------------------------------------------------------
 
-----------------------------------------------------------------------------------------------
      undefined - undefined - 2:25:20 AM
      post not found with id: 6280a78d19e9a149ff53a378
-----------------------------------------------------------------------------------------------
 
-----------------------------------------------------------------------------------------------
      undefined - undefined - 2:27:07 AM
      post not found with id: 6280a78d19e9a149ff53a378
-----------------------------------------------------------------------------------------------
 
-----------------------------------------------------------------------------------------------
      undefined - undefined - 2:27:07 AM
      post not found with id: 6280a78d19e9a149ff53a378
-----------------------------------------------------------------------------------------------
 
-----------------------------------------------------------------------------------------------
      undefined - undefined - 2:27:29 AM
      post not found with id: 6280a78d19e9a149ff53a378
-----------------------------------------------------------------------------------------------
 
-----------------------------------------------------------------------------------------------
      undefined - undefined - 2:27:58 AM
      post not found with id: 6280a78d19e9a149ff53a378
-----------------------------------------------------------------------------------------------
 
-----------------------------------------------------------------------------------------------
      undefined - undefined - 2:31:48 AM
      post not found with id: 6280a78d19e9a149ff53a378
-----------------------------------------------------------------------------------------------
 
-----------------------------------------------------------------------------------------------
      undefined - undefined - 2:31:51 AM
      post not found with id: 6280a78d19e9a149ff53a378
-----------------------------------------------------------------------------------------------
 
