-----------------------------------------------------------------------------------------------
      undefined - undefined - 1:40:29 AM
      mongodb connection fail.
-----------------------------------------------------------------------------------------------
 
-----------------------------------------------------------------------------------------------
      undefined - undefined - 1:41:43 AM
      mongodb connection fail.
-----------------------------------------------------------------------------------------------
 
-----------------------------------------------------------------------------------------------
      undefined - undefined - 1:43:55 AM
      mongodb connection fail.
-----------------------------------------------------------------------------------------------
 
-----------------------------------------------------------------------------------------------
      undefined - undefined - 1:45:02 AM
      mongodb connection fail.
-----------------------------------------------------------------------------------------------
 
-----------------------------------------------------------------------------------------------
      undefined - undefined - 1:46:12 AM
      mongodb connection fail.
-----------------------------------------------------------------------------------------------
 
-----------------------------------------------------------------------------------------------
      undefined - undefined - 1:47:17 AM
      mongodb connection fail.
-----------------------------------------------------------------------------------------------
 
-----------------------------------------------------------------------------------------------
      undefined - undefined - 1:50:09 AM
      mongodb connection fail.
-----------------------------------------------------------------------------------------------
 
-----------------------------------------------------------------------------------------------
      undefined - undefined - 1:51:08 AM
      mongodb connection fail.
-----------------------------------------------------------------------------------------------
 
-----------------------------------------------------------------------------------------------
      undefined - undefined - 1:52:08 AM
      mongodb connection fail.
-----------------------------------------------------------------------------------------------
 
-----------------------------------------------------------------------------------------------
      undefined - undefined - 1:53:20 AM
      mongodb connection fail.
-----------------------------------------------------------------------------------------------
 
-----------------------------------------------------------------------------------------------
      undefined - undefined - 1:53:51 AM
      mongodb connection fail.
-----------------------------------------------------------------------------------------------
 
-----------------------------------------------------------------------------------------------
      undefined - undefined - 1:55:18 AM
      mongodb connection fail.
-----------------------------------------------------------------------------------------------
 
-----------------------------------------------------------------------------------------------
      undefined - undefined - 1:58:22 AM
      mongodb connection fail.
-----------------------------------------------------------------------------------------------
 
-----------------------------------------------------------------------------------------------
      undefined - undefined - 1:59:52 AM
      mongodb connection fail.
-----------------------------------------------------------------------------------------------
 
-----------------------------------------------------------------------------------------------
      undefined - undefined - 2:00:17 AM
      Redis Client Connection error
-----------------------------------------------------------------------------------------------
 
-----------------------------------------------------------------------------------------------
      undefined - undefined - 2:00:17 AM
      jwt expired
-----------------------------------------------------------------------------------------------
 
-----------------------------------------------------------------------------------------------
      undefined - undefined - 2:00:17 AM
      Redis Client Connection error
-----------------------------------------------------------------------------------------------
 
-----------------------------------------------------------------------------------------------
      undefined - undefined - 2:00:17 AM
      Redis Client Connection error
-----------------------------------------------------------------------------------------------
 
-----------------------------------------------------------------------------------------------
      undefined - undefined - 2:00:20 AM
      Redis Client Connection error
-----------------------------------------------------------------------------------------------
 
-----------------------------------------------------------------------------------------------
      undefined - undefined - 2:00:20 AM
      jwt expired
-----------------------------------------------------------------------------------------------
 
-----------------------------------------------------------------------------------------------
      undefined - undefined - 2:01:47 AM
      jwt expired
-----------------------------------------------------------------------------------------------
 
-----------------------------------------------------------------------------------------------
      undefined - undefined - 2:01:47 AM
      Redis Client Connection error
-----------------------------------------------------------------------------------------------
 
-----------------------------------------------------------------------------------------------
      undefined - undefined - 2:02:56 AM
      Redis Client Connection error
-----------------------------------------------------------------------------------------------
 
-----------------------------------------------------------------------------------------------
      undefined - undefined - 2:02:56 AM
      Redis Client Connection error
-----------------------------------------------------------------------------------------------
 
